[     636ms] [ERROR] Failed to load resource: the server responded with a status of 400 () @ https://chaturbate.com/api/ts/roomlist/room-list/?limit=90&offset=0&require_fingerprint=true:0
[     638ms] [LOG] %c                                        
        X0X               XK000KKX      
    XOxo::O           XOdlc::::::coxK   
  Kdc;:c:;k        0kd:;:loooodoolc;:k  
Nk:;codoc;lK     Xd;,;cdddoooooooooc;cK 
0:;oddoolc;ckX  Kl;cloddoooooooooooc;lX 
Kc,cooooool:;:odc,cdxdoooolc::loooc;c0  
 Ko;;:cllooolcc:;cddoooooc;;;:loc;;oK   
   Kxoc;;;;::cllodxdoodol::::;;;cd0     
      NK0kdolc,'cxxdddd:';cloxOK        
             K:'okxxxxl';0   NOkOKN     
             0;'dkxxkx:.d    O,':cclO   
             K:.oOkkkx;.x  Nk;'lOOd,'dN 
              o.:kOkkko',lo:';dOOOk:.;0 
              K;.lOOOOOxlc:lxO0OOOd..lX 
               0;.ckOOOOO0000OO0Oo'.:0  
                Kl'';cdkOO0OOOxl,.'oK   
                  Kdlc,,,,;;,''';dK     
                      X0kdooodkKN        background-color: black; color: lime; font-family: 'Courier New'; padding-bottom: 10px @ https://chaturbate.com/:10
[     639ms] [LOG] 


 @ https://chaturbate.com/:10
[     639ms] [LOG] %cCheck out jobs() and apps() background-color: black; color: lime; padding: 5px 50px 5px 20px; font-family: 'Courier New' @ https://chaturbate.com/:10
[     643ms] Uncaught (in promise) Error: XhrError: 
    at <anonymous> (https://web.static.mmcdn.com/cachebust/roomlist-prefetch.8a5d6f247258.js:0:29142)
[    1763ms] [WARNING] No available adapters. @ https://chaturbate.com/:2414
[    3014ms] [INFO] Using audio context  @ https://chaturbate.com/:10
[    3289ms] [VERBOSE] [DOM] Input elements should have autocomplete attributes (suggested: "current-password"): (More info: https://goo.gl/9p2vKq) %o @ https://chaturbate.com/:0
