[   17419ms] [WARNING] WARNING: %s Features debugconsole.enabled was referred to, but is not present in the Cookies list ! @ https://www.xnxx.tv/static-files/v-62065fa9ed0/v3/js/skins/min/xnxx.header.static.js:3
[   17420ms] [WARNING] WARNING: %s Features debugconsole.no_onerror was referred to, but is not present in the Cookies list ! @ https://www.xnxx.tv/static-files/v-62065fa9ed0/v3/js/skins/min/xnxx.header.static.js:3
[   17572ms] [ERROR] Video div data-id 79448735 not found @ https://www.xnxx.tv/static-files/v-62065fa9ed0/v3/js/skins/min/xnxx.header.static.js:5
[   17607ms] [ERROR] Video div data-id 78889189 not found @ https://www.xnxx.tv/static-files/v-62065fa9ed0/v3/js/skins/min/xnxx.header.static.js:5
[   17632ms] [ERROR] Video div data-id 84527005 not found @ https://www.xnxx.tv/static-files/v-62065fa9ed0/v3/js/skins/min/xnxx.header.static.js:5
[   17632ms] [ERROR] Video div data-id 85180161 not found @ https://www.xnxx.tv/static-files/v-62065fa9ed0/v3/js/skins/min/xnxx.header.static.js:5
[   17633ms] [ERROR] Video div data-id 85263955 not found @ https://www.xnxx.tv/static-files/v-62065fa9ed0/v3/js/skins/min/xnxx.header.static.js:5
[   17943ms] [LOG] 2026-04-24T16:13:25.618Z: Request #0 Placement #0 was pushed with zone {"custom_targeting":{},"id":4713984,"keywords":"exoxnxxtargetting,colombiana,blanca,porno","sub":0,"sub2":0,"sub3":11,"extra_params":{"first_request":true,"zone_type":0}} @ https://a.orbsrv.com/ad-provider.js:0
[   17943ms] [LOG] 2026-04-24T16:13:25.619Z: s.orbsrv.com - Zones Batch Size: 10, Multi-zones Batch Size: 3 @ https://a.orbsrv.com/ad-provider.js:0
[   17946ms] [LOG] 2026-04-24T16:13:25.621Z: s.orbsrv.com - Request #0 with 1 zone(s) of type NOT FOUND is being served. @ https://a.orbsrv.com/ad-provider.js:0
[   18168ms] [LOG] https://www.xnxx.tv/search/colombiana+blanca+porno Load page undefined undefined undefined @ https://www.xnxx.tv/static-files/v-62065fa9ed0/v3/js/skins/min/xnxx.header.static.js:4
[   18201ms] [WARNING] WARNING: %s Features main_cat_tmp_switch was referred to, but is not present in the Cookies list ! @ https://www.xnxx.tv/static-files/v-62065fa9ed0/v3/js/skins/min/xnxx.header.static.js:3
[   18300ms] [WARNING] LocalStorage page_view_history.ids Using deprecated "get" local storage method. Use getSafe or getSafeOrPrompt. @ https://www.xnxx.tv/static-files/v-62065fa9ed0/v3/js/skins/min/xnxx.header.static.js:3
[   18348ms] [LOG] 2026-04-24T16:13:26.023Z: Request #0 handling the response @ https://a.orbsrv.com/ad-provider.js:0
[   18369ms] [LOG] 2026-04-24T16:13:26.045Z: s.orbsrv.com - 1 ad request(s) completed successfully @ https://a.orbsrv.com/ad-provider.js:0
[   74052ms] [LOG] 2026-04-24T16:14:21.728Z: Request #1 Placement #0 was pushed with zone {"custom_targeting":{},"id":4353796,"keywords":"exoxnxxtargetting,colombiana,blanca,porno","sub":0,"sub2":0,"sub3":11,"extra_params":{"first_request":true,"zone_type":0}} @ https://a.orbsrv.com/ad-provider.js:0
[   74053ms] [LOG] 2026-04-24T16:14:21.728Z: s.orbsrv.com - Zones Batch Size: 10, Multi-zones Batch Size: 3 @ https://a.orbsrv.com/ad-provider.js:0
[   74055ms] [LOG] 2026-04-24T16:14:21.730Z: s.orbsrv.com - Request #1 with 1 zone(s) of type NOT FOUND is being served. @ https://a.orbsrv.com/ad-provider.js:0
[   74195ms] [LOG] 2026-04-24T16:14:21.871Z: Request #1 handling the response @ https://a.orbsrv.com/ad-provider.js:0
[   74200ms] [LOG] 2026-04-24T16:14:21.875Z: s.orbsrv.com - 1 ad request(s) completed successfully @ https://a.orbsrv.com/ad-provider.js:0
[   84142ms] [WARNING] WARNING: %s Features debugconsole.enabled was referred to, but is not present in the Cookies list ! @ https://www.xnxx.tv/static-files/v-62065fa9ed0/v3/js/skins/min/xnxx.header.static.js:3
[   84143ms] [WARNING] WARNING: %s Features debugconsole.no_onerror was referred to, but is not present in the Cookies list ! @ https://www.xnxx.tv/static-files/v-62065fa9ed0/v3/js/skins/min/xnxx.header.static.js:3
[   84199ms] [ERROR] Video div data-id 78565879 not found @ https://www.xnxx.tv/static-files/v-62065fa9ed0/v3/js/skins/min/xnxx.header.static.js:5
[   84283ms] [ERROR] Video div data-id 84527005 not found @ https://www.xnxx.tv/static-files/v-62065fa9ed0/v3/js/skins/min/xnxx.header.static.js:5
[   84283ms] [ERROR] Video div data-id 85180161 not found @ https://www.xnxx.tv/static-files/v-62065fa9ed0/v3/js/skins/min/xnxx.header.static.js:5
[   84378ms] [LOG] https://www.xnxx.tv/search/blanca+porno Load page undefined undefined undefined @ https://www.xnxx.tv/static-files/v-62065fa9ed0/v3/js/skins/min/xnxx.header.static.js:4
[   84382ms] [LOG] 2026-04-24T16:14:32.057Z: Request #0 Placement #0 was pushed with zone {"custom_targeting":{},"id":4713984,"keywords":"exoxnxxtargetting,blanca,porno","sub":0,"sub2":0,"sub3":11,"extra_params":{"first_request":true,"zone_type":0}} @ https://a.orbsrv.com/ad-provider.js:0
[   84382ms] [LOG] 2026-04-24T16:14:32.057Z: s.orbsrv.com - Zones Batch Size: 10, Multi-zones Batch Size: 3 @ https://a.orbsrv.com/ad-provider.js:0
[   84384ms] [LOG] 2026-04-24T16:14:32.059Z: s.orbsrv.com - Request #0 with 1 zone(s) of type NOT FOUND is being served. @ https://a.orbsrv.com/ad-provider.js:0
[   84412ms] [WARNING] WARNING: %s Features main_cat_tmp_switch was referred to, but is not present in the Cookies list ! @ https://www.xnxx.tv/static-files/v-62065fa9ed0/v3/js/skins/min/xnxx.header.static.js:3
[   84698ms] [LOG] 2026-04-24T16:14:32.373Z: Request #0 handling the response @ https://a.orbsrv.com/ad-provider.js:0
[   84705ms] [LOG] 2026-04-24T16:14:32.381Z: s.orbsrv.com - 1 ad request(s) completed successfully @ https://a.orbsrv.com/ad-provider.js:0
[  101132ms] [LOG] 2026-04-24T16:14:48.808Z: Request #1 Placement #0 was pushed with zone {"custom_targeting":{},"id":4353796,"keywords":"exoxnxxtargetting,blanca,porno","sub":0,"sub2":0,"sub3":11,"extra_params":{"first_request":true,"zone_type":0}} @ https://a.orbsrv.com/ad-provider.js:0
[  101132ms] [LOG] 2026-04-24T16:14:48.808Z: s.orbsrv.com - Zones Batch Size: 10, Multi-zones Batch Size: 3 @ https://a.orbsrv.com/ad-provider.js:0
[  101134ms] [LOG] 2026-04-24T16:14:48.809Z: s.orbsrv.com - Request #1 with 1 zone(s) of type NOT FOUND is being served. @ https://a.orbsrv.com/ad-provider.js:0
[  101475ms] [LOG] 2026-04-24T16:14:49.150Z: Request #1 handling the response @ https://a.orbsrv.com/ad-provider.js:0
[  101480ms] [LOG] 2026-04-24T16:14:49.155Z: s.orbsrv.com - 1 ad request(s) completed successfully @ https://a.orbsrv.com/ad-provider.js:0
[  106064ms] [ERROR] TypeError: Cannot read properties of null (reading 'sendMessage')
    at Is.sendMessage (https://www.gstatic.com/og/_/js/k=og.asy.en_US.axU2AQieSmI.2019.O/rt=j/m=_ac,_awd,ada,lldp,qads/exm=/d=1/ed=1/rs=AA2YrTueI1b6HSn4fh7dEyBiw4JRxTOBlQ:452:474)
    at Is.ff (https://www.gstatic.com/og/_/js/k=og.asy.en_US.axU2AQieSmI.2019.O/rt=j/m=_ac,_awd,ada,lldp,qads/exm=/d=1/ed=1/rs=AA2YrTueI1b6HSn4fh7dEyBiw4JRxTOBlQ:462:356)
    at X.C (https://www.gstatic.com/og/_/js/k=og.asy.en_US.axU2AQieSmI.2019.O/rt=j/m=_ac,_awd,ada,lldp,qads/exm=/d=1/ed=1/rs=AA2YrTueI1b6HSn4fh7dEyBiw4JRxTOBlQ:521:445)
    at qHd (https://www.google.com/xjs/_/js/k=xjs.s.es_419.675kedR2dpU.2019.O/ck=xjs.s.ZEymxR38-lA.L.B1.O/am=AABCAAAQBAAAAAAAAAAAAAACABACAAAAAAAAAAAAAAAAAACAACAAAEAAAAAAAAAAAgAAAAAAAACAAAAAAAAgAAAAAAQBEAAAKAEAAgBEAAIAMAEAAAAAAAAAhX4AAQAaAAAAAADAA4ABQgQAAAAAAAAAICBAAAIAgAQAAAAAAAAAAQAAAAAEAAAAgAAAAABgAIAAACCASAgAAAAKBQAAEAAAQAAAAAAAAAAAAAgiAAAAQAIJAAD8bT4DPAAAAAAAAAAAAAAACAAAAAAAAAEAAAADEmkAAAAAAAAAhAELAAAAIBQGAAABQBAAAQAAAAAAQIAECAAgYAAQAAAAAgAAAAAAAAAAIACAIKAQAAgACkBAAACAAOAAAAAAAAAAICAAAAAAAAABQAAAAgIQAggAAAAAAAQAAAUQAAAAQA4AAAAAAAAQEAGAAAQAgBFkAAASBQAQAQAgAAAMAAAiAAAAUAAEkMAPACAAAgAAAAAA4AQAAAAAAgEAAIAEwIuEgQAAIAAAAAAAOQA8HoBDBAUAAAAAAAAAAAAAAAAAAAAAAAAAAqAAxoHkFwRAAAAAAAAAAAAAAAAAAAAAAAAAAAAAACnCpgAAAAAAAFsDAAI/d=0/dg=0/br=1/ujg=1/rs=ACT90oEQ8s65R3oohqJDcpucTQ2dKNQ-3w/cb=loaded_h_0/m=byfTOb,lsjVmc,LEikZe,sy95,kWgXee,ovKuLd,sgY6Zb,qafBPd,ebZ3mb,dowIGb,sy69x,sy3cw,DpX64d,uKlGbf,sy69y,EufiNb,sy627,syu7,syu0,sytq,sytv,syuu,XCToU,sy1in,gHhSjd,sy1ix,uUzMF,kN1Sic,sy1j0,Zby8rf,sy9r9,sy5nm,zmptHf,sy3gw,w4UyN,syvh,syth,syry,Mbif2,ipWLfe,sy33c,sy33b,Kqhykb,CIZTGb,syvk,QVaUhf,sy1no,sy1nn,sy1nm,sy1nk,sy1nl,SJpD2c,eAR4Hf,sy6ah,nN2e1e,kQvlef,sy378,WlNQGd,sy1so,syy1,sy1tl,Tia57b,KpRAue,X8jtef,sy6ai,OXpAmf,sy5qv,sy360,sy13l,syx5,syww,sy1rf,sy1rd,sy1rg,sy5qu,nRwWne,sy4at,sy4am,sy4ai,sy4ah,sy4ag,UHgVpe,sy1ss,sy1sz,sy1t4,sy1tn,NyeqM,sy8rj,sy8rh,sy8rg,sy75r,syxh,syxm,O63OXd,syjc,aLUfP,wQlYve,sy3gx,sy2np,syyw,syyx,syys,syyy,syyr,syyz,syyh,syyg,syyf,syyi,syz0,syz1,syya,eZ9XOd,sytk,sytj,sytl,L1AAkb,sy12l,sy12m,YjTCDb,sy12j,sy12k,q00IXe,syj7,sy128,BYwJlf,syxz,syy0,rtH1bd,PGyklf,sy12r,syy4,sy12q,sy12p,sy12n,sy12c,sy12u,Fh0l0,sy1ie,sy1if,pzkXnb,sy14l,sy127,FRLJrd,sy1ih,sy1ii,eBYPP,sy693,HYSCof,sy6au,sHZ92c,VEbNoe,sy9sc,sy73z,sy1su,KSk4yc,sy33d,Ix7YEd,nqQ5fe,sy33f,sy33e,dp6JMc,sy8t7,sy6al,HqOUQc,sy375,EbPKJf,sy180,sypn,sy17y,sy17x,CnSW2d,sy126,sy125,DPreE,sy37a,sy379,pFsdhd?xjs=s3:283:362)
    at https://www.google.com/xjs/_/js/k=xjs.s.es_419.675kedR2dpU.2019.O/ck=xjs.s.ZEymxR38-lA.L.B1.O/am=AABCAAAQBAAAAAAAAAAAAAACABACAAAAAAAAAAAAAAAAAACAACAAAEAAAAAAAAAAAgAAAAAAAACAAAAAAAAgAAAAAAQBEAAAKAEAAgBEAAIAMAEAAAAAAAAAhX4AAQAaAAAAAADAA4ABQgQAAAAAAAAAICBAAAIAgAQAAAAAAAAAAQAAAAAEAAAAgAAAAABgAIAAACCASAgAAAAKBQAAEAAAQAAAAAAAAAAAAAgiAAAAQAIJAAD8bT4DPAAAAAAAAAAAAAAACAAAAAAAAAEAAAADEmkAAAAAAAAAhAELAAAAIBQGAAABQBAAAQAAAAAAQIAECAAgYAAQAAAAAgAAAAAAAAAAIACAIKAQAAgACkBAAACAAOAAAAAAAAAAICAAAAAAAAABQAAAAgIQAggAAAAAAAQAAAUQAAAAQA4AAAAAAAAQEAGAAAQAgBFkAAASBQAQAQAgAAAMAAAiAAAAUAAEkMAPACAAAgAAAAAA4AQAAAAAAgEAAIAEwIuEgQAAIAAAAAAAOQA8HoBDBAUAAAAAAAAAAAAAAAAAAAAAAAAAAqAAxoHkFwRAAAAAAAAAAAAAAAAAAAAAAAAAAAAAACnCpgAAAAAAAFsDAAI/d=0/dg=0/br=1/ujg=1/rs=ACT90oEQ8s65R3oohqJDcpucTQ2dKNQ-3w/cb=loaded_h_0/m=byfTOb,lsjVmc,LEikZe,sy95,kWgXee,ovKuLd,sgY6Zb,qafBPd,ebZ3mb,dowIGb,sy69x,sy3cw,DpX64d,uKlGbf,sy69y,EufiNb,sy627,syu7,syu0,sytq,sytv,syuu,XCToU,sy1in,gHhSjd,sy1ix,uUzMF,kN1Sic,sy1j0,Zby8rf,sy9r9,sy5nm,zmptHf,sy3gw,w4UyN,syvh,syth,syry,Mbif2,ipWLfe,sy33c,sy33b,Kqhykb,CIZTGb,syvk,QVaUhf,sy1no,sy1nn,sy1nm,sy1nk,sy1nl,SJpD2c,eAR4Hf,sy6ah,nN2e1e,kQvlef,sy378,WlNQGd,sy1so,syy1,sy1tl,Tia57b,KpRAue,X8jtef,sy6ai,OXpAmf,sy5qv,sy360,sy13l,syx5,syww,sy1rf,sy1rd,sy1rg,sy5qu,nRwWne,sy4at,sy4am,sy4ai,sy4ah,sy4ag,UHgVpe,sy1ss,sy1sz,sy1t4,sy1tn,NyeqM,sy8rj,sy8rh,sy8rg,sy75r,syxh,syxm,O63OXd,syjc,aLUfP,wQlYve,sy3gx,sy2np,syyw,syyx,syys,syyy,syyr,syyz,syyh,syyg,syyf,syyi,syz0,syz1,syya,eZ9XOd,sytk,sytj,sytl,L1AAkb,sy12l,sy12m,YjTCDb,sy12j,sy12k,q00IXe,syj7,sy128,BYwJlf,syxz,syy0,rtH1bd,PGyklf,sy12r,syy4,sy12q,sy12p,sy12n,sy12c,sy12u,Fh0l0,sy1ie,sy1if,pzkXnb,sy14l,sy127,FRLJrd,sy1ih,sy1ii,eBYPP,sy693,HYSCof,sy6au,sHZ92c,VEbNoe,sy9sc,sy73z,sy1su,KSk4yc,sy33d,Ix7YEd,nqQ5fe,sy33f,sy33e,dp6JMc,sy8t7,sy6al,HqOUQc,sy375,EbPKJf,sy180,sypn,sy17y,sy17x,CnSW2d,sy126,sy125,DPreE,sy37a,sy379,pFsdhd?xjs=s3:284:190
    at https://www.google.com/xjs/_/js/k=xjs.s.es_419.675kedR2dpU.2019.O/ck=xjs.s.ZEymxR38-lA.L.B1.O/am=AABCAAAQBAAAAAAAAAAAAAACABACAAAAAAAAAAAAAAAAAACAACAAAEAAAAAAAAAAAgAAAAAAAACAAAAAAAAgAAAAAAQBEAAAKAEAAgBEAAIAMAEAAAAAAAAAhX4AAQAaAAAAAADAA4ABQgQAAAAAAAAAICBAAAIAgAQAAAAAAAAAAQAAAAAEAAAAgAAAAABgAIAAACCASAgAAAAKBQAAEAAAQAAAAAAAAAAAAAgiAAAAQAIJAAD8bT4DPAAAAAAAAAAAAAAACAAAAAAAAAEAAAADEmkAAAAAAAAAhAELAAAAIBQGAAABQBAAAQAAAAAAQIAECAAgYAAQAAAAAgAAAAAAAAAAIACAIKAQAAgACkBAAACAAOAAAAAAAAAAICAAAAAAAAABQAAAAgIQAggAAAAAAAQAAAUQAAAAQA4AAAAAAAAQEAGAAAQAgBFkAAASBQAQAQAgAAAMAAAiAAAAUAAEkMAPACAAAgAAAAAA4AQAAAAAAgEAAIAEwIuEgQAAIAAAAAAAOQA8HoBDBAUAAAAAAAAAAAAAAAAAAAAAAAAAAqAAxoHkFwRAAAAAAAAAAAAAAAAAAAAAAAAAAAAAACnCpgAAAAAAAFsDAAI/d=0/dg=0/br=1/ujg=1/rs=ACT90oEQ8s65R3oohqJDcpucTQ2dKNQ-3w/cb=loaded_h_0/m=byfTOb,lsjVmc,LEikZe,sy95,kWgXee,ovKuLd,sgY6Zb,qafBPd,ebZ3mb,dowIGb,sy69x,sy3cw,DpX64d,uKlGbf,sy69y,EufiNb,sy627,syu7,syu0,sytq,sytv,syuu,XCToU,sy1in,gHhSjd,sy1ix,uUzMF,kN1Sic,sy1j0,Zby8rf,sy9r9,sy5nm,zmptHf,sy3gw,w4UyN,syvh,syth,syry,Mbif2,ipWLfe,sy33c,sy33b,Kqhykb,CIZTGb,syvk,QVaUhf,sy1no,sy1nn,sy1nm,sy1nk,sy1nl,SJpD2c,eAR4Hf,sy6ah,nN2e1e,kQvlef,sy378,WlNQGd,sy1so,syy1,sy1tl,Tia57b,KpRAue,X8jtef,sy6ai,OXpAmf,sy5qv,sy360,sy13l,syx5,syww,sy1rf,sy1rd,sy1rg,sy5qu,nRwWne,sy4at,sy4am,sy4ai,sy4ah,sy4ag,UHgVpe,sy1ss,sy1sz,sy1t4,sy1tn,NyeqM,sy8rj,sy8rh,sy8rg,sy75r,syxh,syxm,O63OXd,syjc,aLUfP,wQlYve,sy3gx,sy2np,syyw,syyx,syys,syyy,syyr,syyz,syyh,syyg,syyf,syyi,syz0,syz1,syya,eZ9XOd,sytk,sytj,sytl,L1AAkb,sy12l,sy12m,YjTCDb,sy12j,sy12k,q00IXe,syj7,sy128,BYwJlf,syxz,syy0,rtH1bd,PGyklf,sy12r,syy4,sy12q,sy12p,sy12n,sy12c,sy12u,Fh0l0,sy1ie,sy1if,pzkXnb,sy14l,sy127,FRLJrd,sy1ih,sy1ii,eBYPP,sy693,HYSCof,sy6au,sHZ92c,VEbNoe,sy9sc,sy73z,sy1su,KSk4yc,sy33d,Ix7YEd,nqQ5fe,sy33f,sy33e,dp6JMc,sy8t7,sy6al,HqOUQc,sy375,EbPKJf,sy180,sypn,sy17y,sy17x,CnSW2d,sy126,sy125,DPreE,sy37a,sy379,pFsdhd?xjs=s3:265:952
    at _.Ih.v (https://www.gstatic.com/og/_/js/k=og.asy.en_US.axU2AQieSmI.2019.O/rt=j/m=_ac,_awd,ada,lldp,qads/exm=/d=1/ed=1/rs=AA2YrTueI1b6HSn4fh7dEyBiw4JRxTOBlQ:129:285)
    at Array.forEach (<anonymous>)
    at _.Td (https://www.gstatic.com/og/_/js/k=og.asy.en_US.axU2AQieSmI.2019.O/rt=j/m=_ac,_awd,ada,lldp,qads/exm=/d=1/ed=1/rs=AA2YrTueI1b6HSn4fh7dEyBiw4JRxTOBlQ:70:881)
    at Kh (https://www.gstatic.com/og/_/js/k=og.asy.en_US.axU2AQieSmI.2019.O/rt=j/m=_ac,_awd,ada,lldp,qads/exm=/d=1/ed=1/rs=AA2YrTueI1b6HSn4fh7dEyBiw4JRxTOBlQ:128:664) @ https://www.gstatic.com/og/_/js/k=og.asy.en_US.axU2AQieSmI.2019.O/rt=j/m=_ac,_awd,ada,lldp,qads/exm=/d=1/ed=1/rs=AA2YrTueI1b6HSn4fh7dEyBiw4JRxTOBlQ:127
