[     423ms] [LOG] %c                                        
        X0X               XK000KKX      
    XOxo::O           XOdlc::::::coxK   
  Kdc;:c:;k        0kd:;:loooodoolc;:k  
Nk:;codoc;lK     Xd;,;cdddoooooooooc;cK 
0:;oddoolc;ckX  Kl;cloddoooooooooooc;lX 
Kc,cooooool:;:odc,cdxdoooolc::loooc;c0  
 Ko;;:cllooolcc:;cddoooooc;;;:loc;;oK   
   Kxoc;;;;::cllodxdoodol::::;;;cd0     
      NK0kdolc,'cxxdddd:';cloxOK        
             K:'okxxxxl';0   NOkOKN     
             0;'dkxxkx:.d    O,':cclO   
             K:.oOkkkx;.x  Nk;'lOOd,'dN 
              o.:kOkkko',lo:';dOOOk:.;0 
              K;.lOOOOOxlc:lxO0OOOd..lX 
               0;.ckOOOOO0000OO0Oo'.:0  
                Kl'';cdkOO0OOOxl,.'oK   
                  Kdlc,,,,;;,''';dK     
                      X0kdooodkKN        background-color: black; color: lime; font-family: 'Courier New'; padding-bottom: 10px @ https://chaturbate.com/aviebby/:10
[     424ms] [LOG] 


 @ https://chaturbate.com/aviebby/:10
[     424ms] [LOG] %cCheck out jobs() and apps() background-color: black; color: lime; padding: 5px 50px 5px 20px; font-family: 'Courier New' @ https://chaturbate.com/aviebby/:10
[    1323ms] [INFO] Using audio context  @ https://chaturbate.com/aviebby/:10
[    1905ms] [VERBOSE] [DOM] Input elements should have autocomplete attributes (suggested: "current-password"): (More info: https://goo.gl/9p2vKq) %o @ https://chaturbate.com/aviebby/:0
[   10240ms] [ERROR] HLS.js error: mediaError - fatal: false - bufferStalledError @ https://chaturbate.com/aviebby/:10
[   34439ms] [ERROR] HLS.js error: mediaError - fatal: false - bufferStalledError @ https://chaturbate.com/aviebby/:10
